<?xml version="1.0" encoding="UTF-8"?>
<!-- Generated by org.testng.reporters.JUnitReportReporter -->
<testsuite skipped="0" hostname="A12433" name="cloud.GeneralStoreAppTest" tests="1" failures="0" timestamp="2021-08-04T21:01:04 IST" time="38.961" errors="0">
  <testcase name="homeScreenTest" time="38.961" classname="cloud.GeneralStoreAppTest"/>
  <system-out/>
</testsuite> <!-- cloud.GeneralStoreAppTest -->
