<?xml version="1.0" encoding="UTF-8"?>
<!-- Generated by org.testng.reporters.JUnitReportReporter -->
<testsuite skipped="0" hostname="A12433" name="cloud.ApiDemoTest" tests="2" failures="0" timestamp="2021-08-04T21:01:04 IST" time="68.803" errors="0">
  <testcase name="ApiDemosApp" time="41.573" classname="cloud.ApiDemoTest"/>
  <system-out/>
  <testcase name="ApiDemosApp" time="27.230" classname="cloud.ApiDemoTest"/>
  <system-out/>
</testsuite> <!-- cloud.ApiDemoTest -->
