<?xml version="1.0" encoding="UTF-8"?>
<!-- Generated by org.testng.reporters.JUnitReportReporter -->
<testsuite skipped="0" hostname="A12433" name="Appium_Automation.CodeOptimization" tests="1" failures="0" timestamp="2021-07-27T15:04:30 IST" time="22.593" errors="0">
  <testcase name="homeScreenTest" time="22.593" classname="Appium_Automation.CodeOptimization"/>
  <system-out/>
</testsuite> <!-- Appium_Automation.CodeOptimization -->
