<?xml version="1.0" encoding="UTF-8"?>
<!-- Generated by org.testng.reporters.JUnitReportReporter -->
<testsuite skipped="0" hostname="A12433" name="Appium_Automation.SeleniumTest" tests="2" failures="0" timestamp="2021-07-26T00:32:27 IST" time="0.002" errors="0">
  <testcase name="elementsUI" time="0.001" classname="Appium_Automation.SeleniumTest"/>
  <system-out/>
  <testcase name="Browsertest" time="0.001" classname="Appium_Automation.SeleniumTest"/>
  <system-out/>
</testsuite> <!-- Appium_Automation.SeleniumTest -->
