<?xml version="1.0" encoding="UTF-8"?>
<!-- Generated by org.testng.reporters.JUnitReportReporter -->
<testsuite skipped="0" hostname="A12433" name="Appium_Automation.RESTAPITest" tests="2" failures="0" timestamp="2021-07-26T00:32:43 IST" time="0.015" errors="0">
  <testcase name="login" time="0.014" classname="Appium_Automation.RESTAPITest"/>
  <system-out/>
  <testcase name="logout" time="0.001" classname="Appium_Automation.RESTAPITest"/>
  <system-out/>
</testsuite> <!-- Appium_Automation.RESTAPITest -->
